<?xml version="1.0" encoding="UTF-8"?>
<testng-results skipped="0" failed="0" ignored="0" total="1" passed="1">
  <reporter-output>
  </reporter-output>
  <suite name="Default suite" duration-ms="36452" started-at="2020-05-19T05:28:53Z" finished-at="2020-05-19T05:29:30Z">
    <groups>
    </groups>
    <test name="Default test" duration-ms="36452" started-at="2020-05-19T05:28:53Z" finished-at="2020-05-19T05:29:30Z">
      <class name="ScreenRecord.TestCase">
        <test-method status="PASS" signature="setup()[pri:0, instance:ScreenRecord.TestCase@6cc4c815]" name="setup" is-config="true" duration-ms="13842" started-at="2020-05-19T05:28:53Z" finished-at="2020-05-19T05:29:07Z">
          <reporter-output>
          </reporter-output>
        </test-method> <!-- setup -->
        <test-method status="PASS" signature="verifyLinks()[pri:0, instance:ScreenRecord.TestCase@6cc4c815]" name="verifyLinks" duration-ms="22453" started-at="2020-05-19T05:29:07Z" finished-at="2020-05-19T05:29:30Z">
          <reporter-output>
          </reporter-output>
        </test-method> <!-- verifyLinks -->
        <test-method status="PASS" signature="tearDown()[pri:0, instance:ScreenRecord.TestCase@6cc4c815]" name="tearDown" is-config="true" duration-ms="133" started-at="2020-05-19T05:29:30Z" finished-at="2020-05-19T05:29:30Z">
          <reporter-output>
          </reporter-output>
        </test-method> <!-- tearDown -->
      </class> <!-- ScreenRecord.TestCase -->
    </test> <!-- Default test -->
  </suite> <!-- Default suite -->
</testng-results>
