<?xml version="1.0" encoding="UTF-8"?>
<testng-results skipped="0" failed="0" ignored="0" total="2" passed="2">
  <reporter-output>
  </reporter-output>
  <suite name="Default suite" duration-ms="15083" started-at="2020-05-12T11:51:40 IST" finished-at="2020-05-12T11:51:55 IST">
    <groups>
    </groups>
    <test name="Default test" duration-ms="15083" started-at="2020-05-12T11:51:40 IST" finished-at="2020-05-12T11:51:55 IST">
      <class name="Grid.LoginUsingChromeInWindows">
        <test-method status="PASS" signature="setup()[pri:1, instance:Grid.LoginUsingChromeInWindows@4f063c0a]" name="setup" duration-ms="6498" started-at="2020-05-12T11:51:40 IST" finished-at="2020-05-12T11:51:46 IST">
          <reporter-output>
          </reporter-output>
        </test-method> <!-- setup -->
        <test-method status="PASS" signature="login()[pri:2, instance:Grid.LoginUsingChromeInWindows@4f063c0a]" name="login" duration-ms="8538" started-at="2020-05-12T11:51:46 IST" finished-at="2020-05-12T11:51:55 IST">
          <reporter-output>
          </reporter-output>
        </test-method> <!-- login -->
      </class> <!-- Grid.LoginUsingChromeInWindows -->
    </test> <!-- Default test -->
  </suite> <!-- Default suite -->
</testng-results>
