<?xml version="1.0" encoding="UTF-8"?>
<testng-results skipped="0" failed="0" ignored="0" total="1" passed="1">
  <reporter-output>
  </reporter-output>
  <suite name="Default suite" duration-ms="12356" started-at="2020-05-11T06:20:54Z" finished-at="2020-05-11T06:21:06Z">
    <groups>
    </groups>
    <test name="Default test" duration-ms="12356" started-at="2020-05-11T06:20:54Z" finished-at="2020-05-11T06:21:06Z">
      <class name="Selenium4Features.selenium4features">
        <test-method status="PASS" signature="ObjectLocation()[pri:0, instance:Selenium4Features.selenium4features@59ec2012]" name="ObjectLocation" duration-ms="12320" started-at="2020-05-11T06:20:54Z" finished-at="2020-05-11T06:21:06Z">
          <reporter-output>
          </reporter-output>
        </test-method> <!-- ObjectLocation -->
      </class> <!-- Selenium4Features.selenium4features -->
    </test> <!-- Default test -->
  </suite> <!-- Default suite -->
</testng-results>
